SF:lib/models/announcement_model.dart
DA:9,0
DA:18,0
DA:19,0
DA:20,0
DA:21,0
DA:22,0
DA:23,0
DA:24,0
DA:25,0
DA:29,0
DA:33,0
DA:35,0
DA:36,0
DA:37,0
DA:38,0
DA:39,0
DA:40,0
DA:41,0
DA:45,0
DA:53,0
DA:54,0
DA:55,0
DA:56,0
DA:57,0
DA:58,0
DA:59,0
LF:26
LH:0
end_of_record
SF:lib/models/assignment_model.dart
DA:13,0
DA:26,0
DA:27,0
DA:28,0
DA:29,0
DA:30,0
DA:31,0
DA:32,0
DA:33,0
DA:34,0
DA:35,0
DA:36,0
DA:37,0
DA:41,0
DA:42,0
DA:44,0
DA:45,0
DA:46,0
DA:47,0
DA:48,0
DA:49,0
DA:50,0
DA:51,0
DA:52,0
DA:53,0
DA:54,0
DA:58,0
DA:70,0
DA:71,0
DA:72,0
DA:73,0
DA:74,0
DA:75,0
DA:76,0
DA:77,0
DA:78,0
DA:79,0
DA:80,0
LF:38
LH:0
end_of_record
SF:lib/models/course_model.dart
DA:9,1
DA:18,0
DA:19,0
DA:20,0
DA:21,0
DA:22,0
DA:23,0
DA:24,0
DA:25,0
DA:29,0
DA:30,0
DA:32,0
DA:33,0
DA:34,0
DA:35,0
DA:36,0
DA:40,0
DA:48,0
DA:49,0
DA:50,0
DA:51,0
DA:52,0
DA:53,0
DA:54,0
LF:24
LH:1
end_of_record
SF:lib/models/notification_model.dart
DA:8,0
DA:16,0
DA:17,0
DA:18,0
DA:19,0
DA:20,0
DA:21,0
DA:22,0
DA:26,0
DA:27,0
DA:29,0
DA:30,0
DA:31,0
DA:32,0
DA:33,0
DA:34,0
DA:38,0
DA:45,0
DA:46,0
DA:47,0
DA:48,0
DA:49,0
DA:50,0
LF:23
LH:0
end_of_record
SF:lib/models/user_model.dart
DA:7,1
DA:14,0
DA:15,0
DA:16,0
DA:17,0
DA:18,0
DA:19,0
DA:23,0
DA:24,0
DA:26,0
DA:27,0
DA:28,0
DA:32,0
DA:38,0
DA:39,0
DA:40,0
DA:41,0
DA:42,0
LF:18
LH:1
end_of_record
SF:lib/providers/auth_provider.dart
DA:21,0
DA:22,0
DA:23,0
DA:27,0
DA:29,0
DA:31,0
DA:33,0
DA:34,0
DA:36,0
DA:39,0
DA:40,0
DA:42,0
DA:44,0
DA:45,0
DA:46,0
DA:47,0
DA:48,0
DA:52,0
DA:56,0
DA:61,0
DA:62,0
DA:63,0
DA:65,0
DA:66,0
DA:71,0
DA:72,0
DA:76,0
DA:77,0
DA:78,0
DA:79,0
DA:86,0
DA:92,0
DA:93,0
DA:94,0
DA:96,0
DA:97,0
DA:103,0
DA:104,0
DA:108,0
DA:109,0
DA:110,0
DA:111,0
DA:118,0
DA:119,0
DA:121,0
DA:122,0
DA:123,0
DA:125,0
DA:128,0
DA:129,0
DA:130,0
LF:51
LH:0
end_of_record
SF:lib/repositories/auth_repository.dart
DA:11,0
DA:17,0
DA:18,0
DA:21,0
DA:22,0
DA:25,0
DA:30,0
DA:35,0
DA:38,0
DA:41,0
DA:47,0
DA:53,0
DA:58,0
DA:61,0
DA:64,0
DA:66,0
DA:72,0
DA:73,0
DA:77,0
DA:82,0
DA:84,0
DA:85,0
DA:91,0
DA:92,0
DA:95,0
DA:96,0
DA:99,0
DA:100,0
DA:101,0
DA:103,0
DA:105,0
DA:108,0
DA:109,0
DA:110,0
DA:115,0
DA:116,0
LF:36
LH:0
end_of_record
SF:lib/providers/course_provider.dart
DA:14,0
DA:15,0
DA:19,0
DA:20,0
DA:21,0
DA:24,0
DA:25,0
DA:26,0
DA:28,0
DA:29,0
DA:30,0
DA:31,0
DA:32,0
DA:33,0
DA:35,0
DA:36,0
DA:37,0
DA:38,0
DA:44,0
DA:45,0
DA:47,0
DA:48,0
DA:49,0
DA:50,0
DA:51,0
DA:54,0
DA:56,0
DA:57,0
LF:28
LH:0
end_of_record
SF:lib/repositories/course_repository.dart
DA:7,0
DA:10,0
DA:11,0
DA:13,0
DA:18,0
DA:19,0
DA:20,0
DA:21,0
DA:23,0
DA:25,0
DA:31,0
DA:34,0
DA:36,0
DA:39,0
DA:40,0
DA:41,0
DA:42,0
DA:43,0
LF:18
LH:0
end_of_record
SF:lib/services/auth_service.dart
DA:6,0
DA:8,0
DA:10,0
DA:15,0
DA:19,0
DA:20,0
DA:22,0
DA:28,0
DA:33,0
DA:37,0
DA:38,0
DA:40,0
DA:46,0
DA:47,0
DA:50,0
DA:53,0
DA:54,0
DA:57,0
DA:60,0
DA:63,0
DA:66,0
DA:69,0
DA:73,0
LF:23
LH:0
end_of_record
SF:lib/services/firestore_service.dart
DA:7,0
DA:11,0
DA:12,0
DA:13,0
DA:14,0
DA:15,0
DA:19,0
DA:23,0
DA:24,0
DA:25,0
DA:29,0
DA:33,0
DA:34,0
DA:35,0
DA:36,0
DA:37,0
DA:41,0
DA:45,0
DA:46,0
DA:47,0
DA:51,0
DA:55,0
DA:56,0
DA:60,0
DA:64,0
DA:65,0
DA:69,0
DA:70,0
DA:71,0
LF:29
LH:0
end_of_record
SF:lib/utils/mock_data.dart
DA:8,3
DA:15,3
DA:16,1
DA:24,1
DA:32,1
DA:42,0
DA:43,0
DA:48,0
DA:51,0
DA:56,0
DA:59,0
DA:64,0
DA:71,0
DA:72,0
DA:76,0
DA:79,0
DA:84,0
DA:89,0
DA:90,0
DA:94,0
DA:97,0
DA:101,0
LF:22
LH:5
end_of_record
SF:lib/widgets/nav_drawer.dart
DA:9,1
DA:11,1
DA:13,3
DA:15,1
DA:16,1
DA:18,1
DA:19,1
DA:22,1
DA:23,1
DA:25,1
DA:26,1
DA:30,1
DA:32,1
DA:33,1
DA:35,1
DA:36,1
DA:40,1
DA:43,1
DA:54,1
DA:55,1
DA:62,1
DA:63,1
DA:73,1
DA:82,1
DA:84,2
DA:87,1
DA:96,1
DA:98,2
DA:101,1
DA:110,1
DA:112,0
DA:115,1
DA:124,1
DA:126,0
DA:129,1
DA:138,1
DA:140,0
DA:143,1
DA:152,1
DA:154,2
DA:159,1
DA:168,0
DA:169,0
DA:171,0
DA:173,0
DA:174,0
LF:46
LH:38
end_of_record
SF:lib/providers/assignment_provider.dart
DA:16,0
DA:17,0
DA:21,0
DA:22,0
DA:23,0
DA:24,0
DA:27,0
DA:28,0
DA:29,0
DA:31,0
DA:32,0
DA:33,0
DA:34,0
DA:35,0
DA:36,0
DA:38,0
DA:39,0
DA:40,0
DA:41,0
DA:47,0
DA:48,0
DA:52,0
DA:59,0
DA:60,0
DA:61,0
DA:63,0
DA:70,0
DA:71,0
DA:74,0
DA:75,0
DA:76,0
DA:81,0
DA:83,0
DA:84,0
LF:34
LH:0
end_of_record
SF:lib/screens/auth/login_screen.dart
DA:8,1
DA:10,0
DA:11,0
DA:18,0
DA:20,0
DA:21,0
DA:22,0
DA:25,0
DA:26,0
DA:28,0
DA:30,0
DA:31,0
DA:32,0
DA:35,0
DA:38,0
DA:40,0
DA:41,0
DA:42,0
DA:43,0
DA:52,0
DA:55,0
DA:58,0
DA:61,0
DA:62,0
DA:63,0
DA:66,0
DA:71,0
DA:74,0
DA:102,0
DA:104,0
DA:121,0
DA:123,0
DA:139,0
DA:142,0
DA:145,0
LF:35
LH:1
end_of_record
SF:lib/screens/assesments/assessments_view.dart
DA:13,1
DA:15,0
DA:17,0
DA:18,0
DA:20,0
DA:24,0
DA:25,0
DA:26,0
DA:27,0
DA:31,0
DA:32,0
DA:34,0
DA:35,0
DA:38,0
DA:39,0
DA:41,0
DA:42,0
DA:44,0
DA:45,0
DA:47,0
DA:55,0
DA:57,0
DA:59,0
DA:90,0
DA:91,0
DA:92,0
DA:93,0
DA:99,0
DA:115,0
DA:121,0
DA:122,0
DA:123,0
DA:130,0
DA:131,0
DA:132,0
DA:133,0
DA:136,0
DA:137,0
DA:138,0
DA:146,0
DA:148,0
DA:152,0
DA:153,0
DA:156,0
DA:157,0
DA:158,0
DA:160,0
DA:166,0
DA:167,0
DA:170,0
DA:172,0
DA:173,0
DA:175,0
DA:177,0
DA:178,0
DA:184,0
DA:185,0
DA:190,0
DA:191,0
DA:192,0
DA:194,0
DA:195,0
DA:196,0
DA:197,0
LF:64
LH:1
end_of_record
SF:lib/screens/assesments/assignment_submission_screen.dart
DA:9,0
DA:11,0
DA:13,0
DA:22,0
DA:24,0
DA:25,0
DA:28,0
DA:29,0
DA:30,0
DA:31,0
DA:33,0
DA:34,0
DA:38,0
DA:39,0
DA:41,0
DA:42,0
DA:47,0
DA:49,0
DA:50,0
DA:52,0
DA:53,0
DA:55,0
DA:59,0
DA:60,0
DA:62,0
DA:63,0
DA:67,0
DA:70,0
DA:73,0
DA:75,0
DA:76,0
DA:79,0
DA:81,0
DA:82,0
DA:83,0
DA:85,0
DA:87,0
DA:88,0
DA:89,0
DA:90,0
DA:93,0
DA:94,0
DA:106,0
DA:110,0
DA:112,0
DA:113,0
DA:114,0
DA:115,0
DA:118,0
DA:119,0
DA:120,0
DA:121,0
DA:122,0
DA:123,0
DA:126,0
DA:128,0
DA:129,0
DA:131,0
DA:132,0
DA:133,0
DA:142,0
DA:148,0
DA:149,0
DA:162,0
DA:163,0
DA:165,0
DA:169,0
DA:171,0
DA:172,0
DA:176,0
DA:178,0
DA:184,0
DA:187,0
DA:189,0
DA:190,0
DA:192,0
LF:76
LH:0
end_of_record
SF:lib/screens/calendar/calendar_view.dart
DA:12,1
DA:14,0
DA:15,0
DA:24,0
DA:26,0
DA:28,0
DA:29,0
DA:32,0
DA:33,0
DA:35,0
DA:36,0
DA:37,0
DA:38,0
DA:39,0
DA:42,0
DA:43,0
DA:47,0
DA:48,0
DA:50,0
DA:53,0
DA:55,0
DA:57,0
DA:61,0
DA:67,0
DA:69,0
DA:71,0
DA:72,0
DA:74,0
DA:75,0
DA:77,0
DA:82,0
DA:84,0
DA:103,0
DA:106,0
DA:107,0
DA:110,0
DA:112,0
DA:113,0
DA:114,0
DA:115,0
DA:116,0
DA:119,0
DA:124,0
DA:125,0
DA:126,0
DA:138,0
DA:139,0
DA:140,0
DA:141,0
DA:144,0
DA:145,0
DA:164,0
DA:165,0
DA:172,0
DA:173,0
DA:174,0
DA:175,0
DA:177,0
DA:181,0
DA:182,0
DA:185,0
DA:186,0
DA:187,0
DA:190,0
DA:194,0
DA:195,0
DA:198,0
DA:200,0
DA:202,0
DA:203,0
DA:208,0
DA:209,0
DA:214,0
DA:215,0
DA:220,0
DA:221,0
DA:222,0
DA:224,0
DA:225,0
DA:227,0
DA:228,0
DA:229,0
DA:235,0
DA:236,0
LF:84
LH:1
end_of_record
SF:lib/screens/courses/course_detail_screen.dart
DA:15,0
DA:17,0
DA:22,0
DA:23,0
DA:28,0
DA:30,0
DA:31,0
DA:33,0
DA:34,0
DA:35,0
DA:39,0
DA:41,0
DA:43,0
DA:44,0
DA:46,0
DA:50,0
DA:52,0
DA:53,0
DA:54,0
DA:64,0
DA:65,0
DA:71,0
DA:74,0
DA:75,0
DA:78,0
DA:80,0
DA:81,0
DA:100,0
DA:101,0
DA:108,0
DA:109,0
DA:110,0
DA:111,0
DA:113,0
DA:126,0
DA:128,0
DA:130,0
DA:134,0
DA:135,0
DA:138,0
DA:142,0
DA:143,0
DA:149,0
DA:150,0
DA:153,0
DA:154,0
DA:156,0
DA:157,0
DA:164,0
DA:166,0
DA:167,0
DA:168,0
LF:52
LH:0
end_of_record
SF:lib/screens/courses/courses_list_screen.dart
DA:8,1
DA:10,1
DA:11,1
DA:18,1
DA:21,1
DA:23,3
DA:24,2
DA:25,3
DA:26,3
DA:27,1
DA:29,1
DA:31,1
DA:36,1
DA:37,1
DA:38,2
DA:40,0
DA:41,0
DA:42,0
DA:49,1
DA:50,1
DA:52,1
DA:54,1
DA:55,1
DA:60,1
DA:61,2
DA:62,1
DA:69,1
DA:70,1
DA:72,1
DA:73,0
DA:74,1
DA:81,1
DA:82,1
DA:84,1
DA:85,1
DA:86,1
DA:87,1
DA:89,1
DA:90,0
DA:93,1
DA:95,1
DA:97,1
DA:98,1
DA:99,1
DA:100,4
DA:105,1
DA:106,1
DA:110,1
DA:111,1
DA:112,1
DA:113,2
DA:116,1
DA:117,4
DA:129,0
DA:130,0
DA:138,0
DA:139,0
DA:140,0
DA:141,0
DA:143,0
DA:144,0
DA:145,0
DA:149,0
DA:151,0
DA:153,0
DA:154,0
DA:155,0
DA:156,0
DA:157,0
DA:165,0
DA:166,0
DA:170,0
DA:171,0
DA:172,0
DA:173,0
DA:176,0
DA:177,0
LF:77
LH:48
end_of_record
SF:lib/screens/dashboard/dashboard_screen.dart
DA:11,1
DA:13,1
DA:15,1
DA:16,1
DA:18,1
DA:20,1
DA:22,1
DA:27,1
DA:28,1
DA:29,1
DA:33,1
DA:44,1
DA:45,1
DA:47,0
DA:49,1
DA:51,0
DA:53,1
DA:55,0
DA:57,1
DA:60,0
DA:61,0
DA:63,0
DA:64,0
DA:72,1
DA:74,1
DA:76,1
DA:78,1
DA:80,1
DA:81,2
DA:91,1
DA:92,1
DA:99,1
DA:100,1
DA:101,2
DA:103,1
DA:106,1
DA:107,1
DA:109,3
DA:110,0
DA:113,3
DA:117,1
DA:119,3
DA:120,0
DA:126,1
DA:128,3
DA:129,0
DA:131,1
DA:135,1
DA:137,3
DA:138,0
DA:160,1
DA:161,1
DA:162,2
DA:164,1
DA:167,1
DA:168,1
DA:170,3
DA:171,0
DA:175,0
DA:178,1
DA:180,3
DA:181,0
DA:185,0
DA:188,1
DA:190,3
DA:191,0
DA:195,0
DA:198,1
DA:200,3
DA:201,0
DA:205,2
DA:225,1
DA:226,1
DA:227,1
DA:228,1
DA:232,1
DA:233,0
DA:234,0
DA:235,0
DA:241,2
DA:253,1
DA:254,2
DA:255,1
DA:256,2
DA:258,1
DA:262,1
DA:264,1
DA:266,1
DA:271,1
DA:273,1
DA:274,3
DA:281,1
DA:282,1
DA:288,1
DA:290,1
DA:291,3
DA:299,0
DA:300,0
DA:318,1
DA:330,1
DA:331,1
DA:337,1
DA:339,1
DA:340,2
DA:341,1
DA:342,0
DA:343,0
DA:344,1
DA:345,1
DA:347,1
DA:349,1
DA:350,1
DA:351,1
DA:354,1
DA:356,1
DA:357,1
DA:358,1
DA:361,1
DA:363,1
DA:365,3
DA:368,1
DA:369,1
DA:371,1
DA:372,1
DA:373,2
DA:381,1
DA:382,2
DA:399,1
DA:413,1
DA:414,1
DA:420,1
DA:422,1
DA:423,2
DA:424,1
DA:425,0
DA:426,0
DA:427,1
DA:428,1
DA:430,1
DA:432,1
DA:433,1
DA:434,1
DA:437,1
DA:438,1
DA:439,2
DA:440,1
DA:442,1
DA:443,1
DA:444,1
DA:447,1
DA:449,1
DA:451,3
DA:454,1
DA:455,1
DA:457,1
DA:458,1
DA:459,2
DA:466,1
DA:467,2
DA:486,0
DA:496,0
DA:497,0
DA:503,0
DA:505,0
DA:506,0
DA:507,0
DA:508,0
DA:509,0
DA:511,0
DA:513,0
DA:514,0
DA:515,0
DA:518,0
DA:520,0
DA:521,0
DA:524,0
DA:525,0
DA:526,0
LF:178
LH:132
end_of_record
SF:lib/screens/notifications_view.dart
DA:5,1
DA:7,0
DA:15,0
DA:16,0
DA:18,0
DA:19,0
DA:21,0
DA:22,0
DA:27,0
DA:29,0
DA:31,0
DA:57,0
DA:58,0
DA:62,0
DA:64,0
DA:66,0
DA:71,0
LF:17
LH:1
end_of_record
SF:lib/screens/profile/profile_screen.dart
DA:11,1
DA:13,1
DA:15,1
DA:16,1
DA:18,1
DA:20,1
DA:22,1
DA:24,1
DA:25,1
DA:27,0
DA:35,1
DA:36,1
DA:38,1
DA:50,1
DA:53,1
DA:54,1
DA:57,1
DA:59,1
DA:61,1
DA:62,1
DA:65,1
DA:66,0
DA:68,1
DA:69,1
DA:70,3
DA:82,1
DA:83,1
DA:92,3
DA:96,3
DA:100,4
DA:104,1
DA:107,1
DA:114,1
DA:115,3
DA:126,1
DA:127,1
DA:128,1
DA:129,1
DA:131,3
DA:137,1
DA:138,1
DA:140,1
DA:148,1
DA:151,1
DA:152,1
DA:155,1
DA:158,0
DA:159,0
DA:161,0
DA:162,0
DA:175,1
DA:179,1
DA:181,1
DA:182,2
DA:191,1
DA:196,1
DA:198,1
DA:201,1
DA:202,1
DA:205,1
DA:207,1
DA:208,1
DA:209,2
DA:213,1
DA:214,1
LF:65
LH:59
end_of_record
SF:lib/repositories/assignment_repository.dart
DA:10,0
DA:13,0
DA:14,0
DA:16,0
DA:21,0
DA:22,0
DA:23,0
DA:24,0
DA:26,0
DA:28,0
DA:34,0
DA:45,0
DA:46,0
DA:54,0
DA:58,0
DA:59,0
DA:63,0
DA:66,0
DA:67,0
DA:71,0
LF:20
LH:0
end_of_record
SF:lib/services/storage_service.dart
DA:10,0
DA:17,0
DA:20,0
DA:26,0
DA:29,0
DA:34,0
DA:36,0
DA:37,0
DA:39,0
LF:9
LH:0
end_of_record
